DEBUG 2016-06-19 20:05:12,076 Test worker org.hibernate.SQL - drop table if exists HibernateGameSave3
WARN 2016-06-19 20:05:12,156 Test worker org.hibernate.tool.schema.internal.ExceptionHandlerLoggedImpl - GenerationTarget encountered exception accepting command : Unable to execute command [drop table if exists HibernateGameSave3]
org.hibernate.tool.schema.spi.CommandAcceptanceException: Unable to execute command [drop table if exists HibernateGameSave3]
	at org.hibernate.tool.schema.internal.exec.GenerationTargetToDatabase.accept(GenerationTargetToDatabase.java:63)
	at org.hibernate.tool.schema.internal.SchemaDropperImpl.applySqlString(SchemaDropperImpl.java:370)
	at org.hibernate.tool.schema.internal.SchemaDropperImpl.applySqlStrings(SchemaDropperImpl.java:355)
	at org.hibernate.tool.schema.internal.SchemaDropperImpl.dropFromMetadata(SchemaDropperImpl.java:240)
	at org.hibernate.tool.schema.internal.SchemaDropperImpl.performDrop(SchemaDropperImpl.java:153)
	at org.hibernate.tool.schema.internal.SchemaDropperImpl.doDrop(SchemaDropperImpl.java:125)
	at org.hibernate.tool.schema.internal.SchemaDropperImpl.doDrop(SchemaDropperImpl.java:111)
	at org.hibernate.tool.schema.spi.SchemaManagementToolCoordinator.performDatabaseAction(SchemaManagementToolCoordinator.java:137)
	at org.hibernate.tool.schema.spi.SchemaManagementToolCoordinator.process(SchemaManagementToolCoordinator.java:64)
	at org.hibernate.internal.SessionFactoryImpl.<init>(SessionFactoryImpl.java:458)
	at org.hibernate.boot.internal.SessionFactoryBuilderImpl.build(SessionFactoryBuilderImpl.java:465)
	at org.hibernate.cfg.Configuration.buildSessionFactory(Configuration.java:708)
	at org.hibernate.cfg.Configuration.buildSessionFactory(Configuration.java:724)
	at de.htwg.battleship.persistence.HibernateUtil.<clinit>(HibernateUtil.java:20)
	at de.htwg.battleship.dao.impl.HibernateDAO.<init>(HibernateDAO.java:37)
	at de.htwg.battleship.dao.impl.HibernateDAO$$FastClassByGuice$$fc29a75d.newInstance(<generated>)
	at com.google.inject.internal.cglib.reflect.$FastConstructor.newInstance(FastConstructor.java:40)
	at com.google.inject.internal.DefaultConstructionProxyFactory$1.newInstance(DefaultConstructionProxyFactory.java:61)
	at com.google.inject.internal.ConstructorInjector.provision(ConstructorInjector.java:105)
	at com.google.inject.internal.ConstructorInjector.construct(ConstructorInjector.java:85)
	at com.google.inject.internal.ConstructorBindingImpl$Factory.get(ConstructorBindingImpl.java:267)
	at com.google.inject.internal.FactoryProxy.get(FactoryProxy.java:56)
	at com.google.inject.internal.InjectorImpl$2$1.call(InjectorImpl.java:1016)
	at com.google.inject.internal.InjectorImpl.callInContext(InjectorImpl.java:1092)
	at com.google.inject.internal.InjectorImpl$2.get(InjectorImpl.java:1012)
	at com.google.inject.internal.InjectorImpl.getInstance(InjectorImpl.java:1051)
	at de.htwg.battleship.dao.IDAOTest.setUp(IDAOTest.java:63)
	at sun.reflect.NativeMethodAccessorImpl.invoke0(Native Method)
	at sun.reflect.NativeMethodAccessorImpl.invoke(NativeMethodAccessorImpl.java:62)
	at sun.reflect.DelegatingMethodAccessorImpl.invoke(DelegatingMethodAccessorImpl.java:43)
	at java.lang.reflect.Method.invoke(Method.java:498)
	at org.junit.runners.model.FrameworkMethod$1.runReflectiveCall(FrameworkMethod.java:50)
	at org.junit.internal.runners.model.ReflectiveCallable.run(ReflectiveCallable.java:12)
	at org.junit.runners.model.FrameworkMethod.invokeExplosively(FrameworkMethod.java:47)
	at org.junit.internal.runners.statements.RunBefores.evaluate(RunBefores.java:24)
	at org.junit.internal.runners.statements.RunAfters.evaluate(RunAfters.java:27)
	at org.junit.runners.ParentRunner.runLeaf(ParentRunner.java:325)
	at org.junit.runners.BlockJUnit4ClassRunner.runChild(BlockJUnit4ClassRunner.java:78)
	at org.junit.runners.BlockJUnit4ClassRunner.runChild(BlockJUnit4ClassRunner.java:57)
	at org.junit.runners.ParentRunner$3.run(ParentRunner.java:290)
	at org.junit.runners.ParentRunner$1.schedule(ParentRunner.java:71)
	at org.junit.runners.ParentRunner.runChildren(ParentRunner.java:288)
	at org.junit.runners.ParentRunner.access$000(ParentRunner.java:58)
	at org.junit.runners.ParentRunner$2.evaluate(ParentRunner.java:268)
	at org.junit.runners.ParentRunner.run(ParentRunner.java:363)
	at org.junit.runners.Suite.runChild(Suite.java:128)
	at org.junit.runners.Suite.runChild(Suite.java:27)
	at org.junit.runners.ParentRunner$3.run(ParentRunner.java:290)
	at org.junit.runners.ParentRunner$1.schedule(ParentRunner.java:71)
	at org.junit.runners.ParentRunner.runChildren(ParentRunner.java:288)
	at org.junit.runners.ParentRunner.access$000(ParentRunner.java:58)
	at org.junit.runners.ParentRunner$2.evaluate(ParentRunner.java:268)
	at org.junit.runners.ParentRunner.run(ParentRunner.java:363)
	at org.gradle.api.internal.tasks.testing.junit.JUnitTestClassExecuter.runTestClass(JUnitTestClassExecuter.java:112)
	at org.gradle.api.internal.tasks.testing.junit.JUnitTestClassExecuter.execute(JUnitTestClassExecuter.java:56)
	at org.gradle.api.internal.tasks.testing.junit.JUnitTestClassProcessor.processTestClass(JUnitTestClassProcessor.java:66)
	at org.gradle.api.internal.tasks.testing.SuiteTestClassProcessor.processTestClass(SuiteTestClassProcessor.java:51)
	at sun.reflect.GeneratedMethodAccessor11.invoke(Unknown Source)
	at sun.reflect.DelegatingMethodAccessorImpl.invoke(DelegatingMethodAccessorImpl.java:43)
	at java.lang.reflect.Method.invoke(Method.java:498)
	at org.gradle.messaging.dispatch.ReflectionDispatch.dispatch(ReflectionDispatch.java:35)
	at org.gradle.messaging.dispatch.ReflectionDispatch.dispatch(ReflectionDispatch.java:24)
	at org.gradle.messaging.dispatch.ContextClassLoaderDispatch.dispatch(ContextClassLoaderDispatch.java:32)
	at org.gradle.messaging.dispatch.ProxyDispatchAdapter$DispatchingInvocationHandler.invoke(ProxyDispatchAdapter.java:93)
	at com.sun.proxy.$Proxy2.processTestClass(Unknown Source)
	at org.gradle.api.internal.tasks.testing.worker.TestWorker.processTestClass(TestWorker.java:109)
	at sun.reflect.GeneratedMethodAccessor10.invoke(Unknown Source)
	at sun.reflect.DelegatingMethodAccessorImpl.invoke(DelegatingMethodAccessorImpl.java:43)
	at java.lang.reflect.Method.invoke(Method.java:498)
	at org.gradle.messaging.dispatch.ReflectionDispatch.dispatch(ReflectionDispatch.java:35)
	at org.gradle.messaging.dispatch.ReflectionDispatch.dispatch(ReflectionDispatch.java:24)
	at org.gradle.messaging.remote.internal.hub.MessageHub$Handler.run(MessageHub.java:360)
	at org.gradle.internal.concurrent.ExecutorPolicy$CatchAndRecordFailures.onExecute(ExecutorPolicy.java:54)
	at org.gradle.internal.concurrent.StoppableExecutorImpl$1.run(StoppableExecutorImpl.java:40)
	at java.util.concurrent.ThreadPoolExecutor.runWorker(ThreadPoolExecutor.java:1142)
	at java.util.concurrent.ThreadPoolExecutor$Worker.run(ThreadPoolExecutor.java:617)
	at java.lang.Thread.run(Thread.java:745)
Caused by: com.mysql.jdbc.exceptions.jdbc4.MySQLSyntaxErrorException: DROP command denied to user 'htwg'@'extern200043.vpn.rz.htwg-konstanz.de' for table 'hibernategamesave3'
	at sun.reflect.NativeConstructorAccessorImpl.newInstance0(Native Method)
	at sun.reflect.NativeConstructorAccessorImpl.newInstance(NativeConstructorAccessorImpl.java:62)
	at sun.reflect.DelegatingConstructorAccessorImpl.newInstance(DelegatingConstructorAccessorImpl.java:45)
	at java.lang.reflect.Constructor.newInstance(Constructor.java:423)
	at com.mysql.jdbc.Util.handleNewInstance(Util.java:404)
	at com.mysql.jdbc.Util.getInstance(Util.java:387)
	at com.mysql.jdbc.SQLError.createSQLException(SQLError.java:939)
	at com.mysql.jdbc.MysqlIO.checkErrorPacket(MysqlIO.java:3878)
	at com.mysql.jdbc.MysqlIO.checkErrorPacket(MysqlIO.java:3814)
	at com.mysql.jdbc.MysqlIO.sendCommand(MysqlIO.java:2478)
	at com.mysql.jdbc.MysqlIO.sqlQueryDirect(MysqlIO.java:2625)
	at com.mysql.jdbc.ConnectionImpl.execSQL(ConnectionImpl.java:2547)
	at com.mysql.jdbc.ConnectionImpl.execSQL(ConnectionImpl.java:2505)
	at com.mysql.jdbc.StatementImpl.executeInternal(StatementImpl.java:840)
	at com.mysql.jdbc.StatementImpl.execute(StatementImpl.java:740)
	at org.hibernate.tool.schema.internal.exec.GenerationTargetToDatabase.accept(GenerationTargetToDatabase.java:51)
	... 76 more
DEBUG 2016-06-19 20:05:12,239 Test worker org.hibernate.SQL - create table hibernate_sequence (next_val bigint)
WARN 2016-06-19 20:05:12,395 Test worker org.hibernate.tool.schema.internal.ExceptionHandlerLoggedImpl - GenerationTarget encountered exception accepting command : Unable to execute command [create table hibernate_sequence (next_val bigint)]
org.hibernate.tool.schema.spi.CommandAcceptanceException: Unable to execute command [create table hibernate_sequence (next_val bigint)]
	at org.hibernate.tool.schema.internal.exec.GenerationTargetToDatabase.accept(GenerationTargetToDatabase.java:63)
	at org.hibernate.tool.schema.internal.SchemaCreatorImpl.applySqlString(SchemaCreatorImpl.java:423)
	at org.hibernate.tool.schema.internal.SchemaCreatorImpl.applySqlStrings(SchemaCreatorImpl.java:408)
	at org.hibernate.tool.schema.internal.SchemaCreatorImpl.createFromMetadata(SchemaCreatorImpl.java:310)
	at org.hibernate.tool.schema.internal.SchemaCreatorImpl.performCreation(SchemaCreatorImpl.java:165)
	at org.hibernate.tool.schema.internal.SchemaCreatorImpl.doCreation(SchemaCreatorImpl.java:134)
	at org.hibernate.tool.schema.internal.SchemaCreatorImpl.doCreation(SchemaCreatorImpl.java:120)
	at org.hibernate.tool.schema.spi.SchemaManagementToolCoordinator.performDatabaseAction(SchemaManagementToolCoordinator.java:148)
	at org.hibernate.tool.schema.spi.SchemaManagementToolCoordinator.process(SchemaManagementToolCoordinator.java:64)
	at org.hibernate.internal.SessionFactoryImpl.<init>(SessionFactoryImpl.java:458)
	at org.hibernate.boot.internal.SessionFactoryBuilderImpl.build(SessionFactoryBuilderImpl.java:465)
	at org.hibernate.cfg.Configuration.buildSessionFactory(Configuration.java:708)
	at org.hibernate.cfg.Configuration.buildSessionFactory(Configuration.java:724)
	at de.htwg.battleship.persistence.HibernateUtil.<clinit>(HibernateUtil.java:20)
	at de.htwg.battleship.dao.impl.HibernateDAO.<init>(HibernateDAO.java:37)
	at de.htwg.battleship.dao.impl.HibernateDAO$$FastClassByGuice$$fc29a75d.newInstance(<generated>)
	at com.google.inject.internal.cglib.reflect.$FastConstructor.newInstance(FastConstructor.java:40)
	at com.google.inject.internal.DefaultConstructionProxyFactory$1.newInstance(DefaultConstructionProxyFactory.java:61)
	at com.google.inject.internal.ConstructorInjector.provision(ConstructorInjector.java:105)
	at com.google.inject.internal.ConstructorInjector.construct(ConstructorInjector.java:85)
	at com.google.inject.internal.ConstructorBindingImpl$Factory.get(ConstructorBindingImpl.java:267)
	at com.google.inject.internal.FactoryProxy.get(FactoryProxy.java:56)
	at com.google.inject.internal.InjectorImpl$2$1.call(InjectorImpl.java:1016)
	at com.google.inject.internal.InjectorImpl.callInContext(InjectorImpl.java:1092)
	at com.google.inject.internal.InjectorImpl$2.get(InjectorImpl.java:1012)
	at com.google.inject.internal.InjectorImpl.getInstance(InjectorImpl.java:1051)
	at de.htwg.battleship.dao.IDAOTest.setUp(IDAOTest.java:63)
	at sun.reflect.NativeMethodAccessorImpl.invoke0(Native Method)
	at sun.reflect.NativeMethodAccessorImpl.invoke(NativeMethodAccessorImpl.java:62)
	at sun.reflect.DelegatingMethodAccessorImpl.invoke(DelegatingMethodAccessorImpl.java:43)
	at java.lang.reflect.Method.invoke(Method.java:498)
	at org.junit.runners.model.FrameworkMethod$1.runReflectiveCall(FrameworkMethod.java:50)
	at org.junit.internal.runners.model.ReflectiveCallable.run(ReflectiveCallable.java:12)
	at org.junit.runners.model.FrameworkMethod.invokeExplosively(FrameworkMethod.java:47)
	at org.junit.internal.runners.statements.RunBefores.evaluate(RunBefores.java:24)
	at org.junit.internal.runners.statements.RunAfters.evaluate(RunAfters.java:27)
	at org.junit.runners.ParentRunner.runLeaf(ParentRunner.java:325)
	at org.junit.runners.BlockJUnit4ClassRunner.runChild(BlockJUnit4ClassRunner.java:78)
	at org.junit.runners.BlockJUnit4ClassRunner.runChild(BlockJUnit4ClassRunner.java:57)
	at org.junit.runners.ParentRunner$3.run(ParentRunner.java:290)
	at org.junit.runners.ParentRunner$1.schedule(ParentRunner.java:71)
	at org.junit.runners.ParentRunner.runChildren(ParentRunner.java:288)
	at org.junit.runners.ParentRunner.access$000(ParentRunner.java:58)
	at org.junit.runners.ParentRunner$2.evaluate(ParentRunner.java:268)
	at org.junit.runners.ParentRunner.run(ParentRunner.java:363)
	at org.junit.runners.Suite.runChild(Suite.java:128)
	at org.junit.runners.Suite.runChild(Suite.java:27)
	at org.junit.runners.ParentRunner$3.run(ParentRunner.java:290)
	at org.junit.runners.ParentRunner$1.schedule(ParentRunner.java:71)
	at org.junit.runners.ParentRunner.runChildren(ParentRunner.java:288)
	at org.junit.runners.ParentRunner.access$000(ParentRunner.java:58)
	at org.junit.runners.ParentRunner$2.evaluate(ParentRunner.java:268)
	at org.junit.runners.ParentRunner.run(ParentRunner.java:363)
	at org.gradle.api.internal.tasks.testing.junit.JUnitTestClassExecuter.runTestClass(JUnitTestClassExecuter.java:112)
	at org.gradle.api.internal.tasks.testing.junit.JUnitTestClassExecuter.execute(JUnitTestClassExecuter.java:56)
	at org.gradle.api.internal.tasks.testing.junit.JUnitTestClassProcessor.processTestClass(JUnitTestClassProcessor.java:66)
	at org.gradle.api.internal.tasks.testing.SuiteTestClassProcessor.processTestClass(SuiteTestClassProcessor.java:51)
	at sun.reflect.GeneratedMethodAccessor11.invoke(Unknown Source)
	at sun.reflect.DelegatingMethodAccessorImpl.invoke(DelegatingMethodAccessorImpl.java:43)
	at java.lang.reflect.Method.invoke(Method.java:498)
	at org.gradle.messaging.dispatch.ReflectionDispatch.dispatch(ReflectionDispatch.java:35)
	at org.gradle.messaging.dispatch.ReflectionDispatch.dispatch(ReflectionDispatch.java:24)
	at org.gradle.messaging.dispatch.ContextClassLoaderDispatch.dispatch(ContextClassLoaderDispatch.java:32)
	at org.gradle.messaging.dispatch.ProxyDispatchAdapter$DispatchingInvocationHandler.invoke(ProxyDispatchAdapter.java:93)
	at com.sun.proxy.$Proxy2.processTestClass(Unknown Source)
	at org.gradle.api.internal.tasks.testing.worker.TestWorker.processTestClass(TestWorker.java:109)
	at sun.reflect.GeneratedMethodAccessor10.invoke(Unknown Source)
	at sun.reflect.DelegatingMethodAccessorImpl.invoke(DelegatingMethodAccessorImpl.java:43)
	at java.lang.reflect.Method.invoke(Method.java:498)
	at org.gradle.messaging.dispatch.ReflectionDispatch.dispatch(ReflectionDispatch.java:35)
	at org.gradle.messaging.dispatch.ReflectionDispatch.dispatch(ReflectionDispatch.java:24)
	at org.gradle.messaging.remote.internal.hub.MessageHub$Handler.run(MessageHub.java:360)
	at org.gradle.internal.concurrent.ExecutorPolicy$CatchAndRecordFailures.onExecute(ExecutorPolicy.java:54)
	at org.gradle.internal.concurrent.StoppableExecutorImpl$1.run(StoppableExecutorImpl.java:40)
	at java.util.concurrent.ThreadPoolExecutor.runWorker(ThreadPoolExecutor.java:1142)
	at java.util.concurrent.ThreadPoolExecutor$Worker.run(ThreadPoolExecutor.java:617)
	at java.lang.Thread.run(Thread.java:745)
Caused by: com.mysql.jdbc.exceptions.jdbc4.MySQLSyntaxErrorException: Table 'hibernate_sequence' already exists
	at sun.reflect.NativeConstructorAccessorImpl.newInstance0(Native Method)
	at sun.reflect.NativeConstructorAccessorImpl.newInstance(NativeConstructorAccessorImpl.java:62)
	at sun.reflect.DelegatingConstructorAccessorImpl.newInstance(DelegatingConstructorAccessorImpl.java:45)
	at java.lang.reflect.Constructor.newInstance(Constructor.java:423)
	at com.mysql.jdbc.Util.handleNewInstance(Util.java:404)
	at com.mysql.jdbc.Util.getInstance(Util.java:387)
	at com.mysql.jdbc.SQLError.createSQLException(SQLError.java:939)
	at com.mysql.jdbc.MysqlIO.checkErrorPacket(MysqlIO.java:3878)
	at com.mysql.jdbc.MysqlIO.checkErrorPacket(MysqlIO.java:3814)
	at com.mysql.jdbc.MysqlIO.sendCommand(MysqlIO.java:2478)
	at com.mysql.jdbc.MysqlIO.sqlQueryDirect(MysqlIO.java:2625)
	at com.mysql.jdbc.ConnectionImpl.execSQL(ConnectionImpl.java:2547)
	at com.mysql.jdbc.ConnectionImpl.execSQL(ConnectionImpl.java:2505)
	at com.mysql.jdbc.StatementImpl.executeInternal(StatementImpl.java:840)
	at com.mysql.jdbc.StatementImpl.execute(StatementImpl.java:740)
	at org.hibernate.tool.schema.internal.exec.GenerationTargetToDatabase.accept(GenerationTargetToDatabase.java:51)
	... 76 more
DEBUG 2016-06-19 20:05:12,396 Test worker org.hibernate.SQL - insert into hibernate_sequence values ( 1 )
DEBUG 2016-06-19 20:05:12,519 Test worker org.hibernate.SQL - create table HibernateGameSave3 (id integer not null, currentState integer, field1 varchar(660), field2 varchar(660), gameMode integer, heightLength integer, maxShipNumber integer, player1ID integer, player1Name varchar(255), player2ID integer, player2Name varchar(255), shipList1 tinyblob, shipList2 tinyblob, primary key (id))
WARN 2016-06-19 20:05:12,606 Test worker org.hibernate.tool.schema.internal.ExceptionHandlerLoggedImpl - GenerationTarget encountered exception accepting command : Unable to execute command [create table HibernateGameSave3 (id integer not null, currentState integer, field1 varchar(660), field2 varchar(660), gameMode integer, heightLength integer, maxShipNumber integer, player1ID integer, player1Name varchar(255), player2ID integer, player2Name varchar(255), shipList1 tinyblob, shipList2 tinyblob, primary key (id))]
org.hibernate.tool.schema.spi.CommandAcceptanceException: Unable to execute command [create table HibernateGameSave3 (id integer not null, currentState integer, field1 varchar(660), field2 varchar(660), gameMode integer, heightLength integer, maxShipNumber integer, player1ID integer, player1Name varchar(255), player2ID integer, player2Name varchar(255), shipList1 tinyblob, shipList2 tinyblob, primary key (id))]
	at org.hibernate.tool.schema.internal.exec.GenerationTargetToDatabase.accept(GenerationTargetToDatabase.java:63)
	at org.hibernate.tool.schema.internal.SchemaCreatorImpl.applySqlString(SchemaCreatorImpl.java:423)
	at org.hibernate.tool.schema.internal.SchemaCreatorImpl.applySqlStrings(SchemaCreatorImpl.java:408)
	at org.hibernate.tool.schema.internal.SchemaCreatorImpl.createFromMetadata(SchemaCreatorImpl.java:310)
	at org.hibernate.tool.schema.internal.SchemaCreatorImpl.performCreation(SchemaCreatorImpl.java:165)
	at org.hibernate.tool.schema.internal.SchemaCreatorImpl.doCreation(SchemaCreatorImpl.java:134)
	at org.hibernate.tool.schema.internal.SchemaCreatorImpl.doCreation(SchemaCreatorImpl.java:120)
	at org.hibernate.tool.schema.spi.SchemaManagementToolCoordinator.performDatabaseAction(SchemaManagementToolCoordinator.java:148)
	at org.hibernate.tool.schema.spi.SchemaManagementToolCoordinator.process(SchemaManagementToolCoordinator.java:64)
	at org.hibernate.internal.SessionFactoryImpl.<init>(SessionFactoryImpl.java:458)
	at org.hibernate.boot.internal.SessionFactoryBuilderImpl.build(SessionFactoryBuilderImpl.java:465)
	at org.hibernate.cfg.Configuration.buildSessionFactory(Configuration.java:708)
	at org.hibernate.cfg.Configuration.buildSessionFactory(Configuration.java:724)
	at de.htwg.battleship.persistence.HibernateUtil.<clinit>(HibernateUtil.java:20)
	at de.htwg.battleship.dao.impl.HibernateDAO.<init>(HibernateDAO.java:37)
	at de.htwg.battleship.dao.impl.HibernateDAO$$FastClassByGuice$$fc29a75d.newInstance(<generated>)
	at com.google.inject.internal.cglib.reflect.$FastConstructor.newInstance(FastConstructor.java:40)
	at com.google.inject.internal.DefaultConstructionProxyFactory$1.newInstance(DefaultConstructionProxyFactory.java:61)
	at com.google.inject.internal.ConstructorInjector.provision(ConstructorInjector.java:105)
	at com.google.inject.internal.ConstructorInjector.construct(ConstructorInjector.java:85)
	at com.google.inject.internal.ConstructorBindingImpl$Factory.get(ConstructorBindingImpl.java:267)
	at com.google.inject.internal.FactoryProxy.get(FactoryProxy.java:56)
	at com.google.inject.internal.InjectorImpl$2$1.call(InjectorImpl.java:1016)
	at com.google.inject.internal.InjectorImpl.callInContext(InjectorImpl.java:1092)
	at com.google.inject.internal.InjectorImpl$2.get(InjectorImpl.java:1012)
	at com.google.inject.internal.InjectorImpl.getInstance(InjectorImpl.java:1051)
	at de.htwg.battleship.dao.IDAOTest.setUp(IDAOTest.java:63)
	at sun.reflect.NativeMethodAccessorImpl.invoke0(Native Method)
	at sun.reflect.NativeMethodAccessorImpl.invoke(NativeMethodAccessorImpl.java:62)
	at sun.reflect.DelegatingMethodAccessorImpl.invoke(DelegatingMethodAccessorImpl.java:43)
	at java.lang.reflect.Method.invoke(Method.java:498)
	at org.junit.runners.model.FrameworkMethod$1.runReflectiveCall(FrameworkMethod.java:50)
	at org.junit.internal.runners.model.ReflectiveCallable.run(ReflectiveCallable.java:12)
	at org.junit.runners.model.FrameworkMethod.invokeExplosively(FrameworkMethod.java:47)
	at org.junit.internal.runners.statements.RunBefores.evaluate(RunBefores.java:24)
	at org.junit.internal.runners.statements.RunAfters.evaluate(RunAfters.java:27)
	at org.junit.runners.ParentRunner.runLeaf(ParentRunner.java:325)
	at org.junit.runners.BlockJUnit4ClassRunner.runChild(BlockJUnit4ClassRunner.java:78)
	at org.junit.runners.BlockJUnit4ClassRunner.runChild(BlockJUnit4ClassRunner.java:57)
	at org.junit.runners.ParentRunner$3.run(ParentRunner.java:290)
	at org.junit.runners.ParentRunner$1.schedule(ParentRunner.java:71)
	at org.junit.runners.ParentRunner.runChildren(ParentRunner.java:288)
	at org.junit.runners.ParentRunner.access$000(ParentRunner.java:58)
	at org.junit.runners.ParentRunner$2.evaluate(ParentRunner.java:268)
	at org.junit.runners.ParentRunner.run(ParentRunner.java:363)
	at org.junit.runners.Suite.runChild(Suite.java:128)
	at org.junit.runners.Suite.runChild(Suite.java:27)
	at org.junit.runners.ParentRunner$3.run(ParentRunner.java:290)
	at org.junit.runners.ParentRunner$1.schedule(ParentRunner.java:71)
	at org.junit.runners.ParentRunner.runChildren(ParentRunner.java:288)
	at org.junit.runners.ParentRunner.access$000(ParentRunner.java:58)
	at org.junit.runners.ParentRunner$2.evaluate(ParentRunner.java:268)
	at org.junit.runners.ParentRunner.run(ParentRunner.java:363)
	at org.gradle.api.internal.tasks.testing.junit.JUnitTestClassExecuter.runTestClass(JUnitTestClassExecuter.java:112)
	at org.gradle.api.internal.tasks.testing.junit.JUnitTestClassExecuter.execute(JUnitTestClassExecuter.java:56)
	at org.gradle.api.internal.tasks.testing.junit.JUnitTestClassProcessor.processTestClass(JUnitTestClassProcessor.java:66)
	at org.gradle.api.internal.tasks.testing.SuiteTestClassProcessor.processTestClass(SuiteTestClassProcessor.java:51)
	at sun.reflect.GeneratedMethodAccessor11.invoke(Unknown Source)
	at sun.reflect.DelegatingMethodAccessorImpl.invoke(DelegatingMethodAccessorImpl.java:43)
	at java.lang.reflect.Method.invoke(Method.java:498)
	at org.gradle.messaging.dispatch.ReflectionDispatch.dispatch(ReflectionDispatch.java:35)
	at org.gradle.messaging.dispatch.ReflectionDispatch.dispatch(ReflectionDispatch.java:24)
	at org.gradle.messaging.dispatch.ContextClassLoaderDispatch.dispatch(ContextClassLoaderDispatch.java:32)
	at org.gradle.messaging.dispatch.ProxyDispatchAdapter$DispatchingInvocationHandler.invoke(ProxyDispatchAdapter.java:93)
	at com.sun.proxy.$Proxy2.processTestClass(Unknown Source)
	at org.gradle.api.internal.tasks.testing.worker.TestWorker.processTestClass(TestWorker.java:109)
	at sun.reflect.GeneratedMethodAccessor10.invoke(Unknown Source)
	at sun.reflect.DelegatingMethodAccessorImpl.invoke(DelegatingMethodAccessorImpl.java:43)
	at java.lang.reflect.Method.invoke(Method.java:498)
	at org.gradle.messaging.dispatch.ReflectionDispatch.dispatch(ReflectionDispatch.java:35)
	at org.gradle.messaging.dispatch.ReflectionDispatch.dispatch(ReflectionDispatch.java:24)
	at org.gradle.messaging.remote.internal.hub.MessageHub$Handler.run(MessageHub.java:360)
	at org.gradle.internal.concurrent.ExecutorPolicy$CatchAndRecordFailures.onExecute(ExecutorPolicy.java:54)
	at org.gradle.internal.concurrent.StoppableExecutorImpl$1.run(StoppableExecutorImpl.java:40)
	at java.util.concurrent.ThreadPoolExecutor.runWorker(ThreadPoolExecutor.java:1142)
	at java.util.concurrent.ThreadPoolExecutor$Worker.run(ThreadPoolExecutor.java:617)
	at java.lang.Thread.run(Thread.java:745)
Caused by: com.mysql.jdbc.exceptions.jdbc4.MySQLSyntaxErrorException: Table 'hibernategamesave3' already exists
	at sun.reflect.NativeConstructorAccessorImpl.newInstance0(Native Method)
	at sun.reflect.NativeConstructorAccessorImpl.newInstance(NativeConstructorAccessorImpl.java:62)
	at sun.reflect.DelegatingConstructorAccessorImpl.newInstance(DelegatingConstructorAccessorImpl.java:45)
	at java.lang.reflect.Constructor.newInstance(Constructor.java:423)
	at com.mysql.jdbc.Util.handleNewInstance(Util.java:404)
	at com.mysql.jdbc.Util.getInstance(Util.java:387)
	at com.mysql.jdbc.SQLError.createSQLException(SQLError.java:939)
	at com.mysql.jdbc.MysqlIO.checkErrorPacket(MysqlIO.java:3878)
	at com.mysql.jdbc.MysqlIO.checkErrorPacket(MysqlIO.java:3814)
	at com.mysql.jdbc.MysqlIO.sendCommand(MysqlIO.java:2478)
	at com.mysql.jdbc.MysqlIO.sqlQueryDirect(MysqlIO.java:2625)
	at com.mysql.jdbc.ConnectionImpl.execSQL(ConnectionImpl.java:2547)
	at com.mysql.jdbc.ConnectionImpl.execSQL(ConnectionImpl.java:2505)
	at com.mysql.jdbc.StatementImpl.executeInternal(StatementImpl.java:840)
	at com.mysql.jdbc.StatementImpl.execute(StatementImpl.java:740)
	at org.hibernate.tool.schema.internal.exec.GenerationTargetToDatabase.accept(GenerationTargetToDatabase.java:51)
	... 76 more
INFO 2016-06-19 20:05:12,609 Test worker org.hibernate.tool.schema.internal.SchemaCreatorImpl - HHH000476: Executing import script 'org.hibernate.tool.schema.internal.exec.ScriptSourceInputNonExistentImpl@58eb014c'
DEBUG 2016-06-19 20:05:12,696 Test worker org.hibernate.internal.NamedQueryRepository - Checking 0 named HQL queries
DEBUG 2016-06-19 20:05:12,697 Test worker org.hibernate.internal.NamedQueryRepository - Checking 0 named SQL queries
DEBUG 2016-06-19 20:05:12,703 Test worker org.hibernate.internal.SessionFactoryRegistry - Initializing SessionFactoryRegistry : org.hibernate.internal.SessionFactoryRegistry@41e108cb
DEBUG 2016-06-19 20:05:12,710 Test worker org.hibernate.internal.SessionFactoryRegistry - Registering SessionFactory: 0e5210ec-242a-4b2b-9e99-a38b83c75346 (<unnamed>)
DEBUG 2016-06-19 20:05:12,711 Test worker org.hibernate.internal.SessionFactoryRegistry - Not binding SessionFactory to JNDI, no JNDI name configured
DEBUG 2016-06-19 20:05:12,787 Test worker org.hibernate.stat.internal.StatisticsInitiator - Statistics initialized [enabled=false]
DEBUG 2016-06-19 20:05:12,818 Test worker org.hibernate.engine.transaction.internal.TransactionImpl - begin
DEBUG 2016-06-19 20:05:13,476 Test worker org.hibernate.SQL - select next_val as id_val from hibernate_sequence for update
DEBUG 2016-06-19 20:05:13,536 Test worker org.hibernate.SQL - update hibernate_sequence set next_val= ? where next_val=?
DEBUG 2016-06-19 20:05:13,676 Test worker org.hibernate.event.internal.AbstractSaveEventListener - Generated identifier: 926, using strategy: org.hibernate.id.enhanced.SequenceStyleGenerator
DEBUG 2016-06-19 20:05:13,709 Test worker org.hibernate.engine.transaction.internal.TransactionImpl - committing
DEBUG 2016-06-19 20:05:13,710 Test worker org.hibernate.event.internal.AbstractFlushingEventListener - Processing flush-time cascades
DEBUG 2016-06-19 20:05:13,711 Test worker org.hibernate.event.internal.AbstractFlushingEventListener - Dirty checking collections
DEBUG 2016-06-19 20:05:13,714 Test worker org.hibernate.event.internal.AbstractFlushingEventListener - Flushed: 1 insertions, 0 updates, 0 deletions to 1 objects
DEBUG 2016-06-19 20:05:13,714 Test worker org.hibernate.event.internal.AbstractFlushingEventListener - Flushed: 0 (re)creations, 0 updates, 0 removals to 0 collections
DEBUG 2016-06-19 20:05:13,716 Test worker org.hibernate.internal.util.EntityPrinter - Listing entities:
DEBUG 2016-06-19 20:05:13,716 Test worker org.hibernate.internal.util.EntityPrinter - de.htwg.battleship.model.persistence.impl.HibernateGameSave{heightLength=10, player1Name=PLAYER_ONE, player1ID=111111, player2ID=222222, field1=[[false,false,false,false,false,false,false,false,false,false],[false,false,false,false,false,false,false,false,false,false],[false,false,false,false,false,false,false,false,false,false],[false,false,false,false,false,false,false,false,false,false],[false,false,false,false,false,false,false,false,false,false],[false,false,false,false,false,false,false,false,false,false],[false,false,false,false,false,false,false,false,false,false],[false,false,false,false,false,false,false,false,false,false],[false,false,false,false,false,false,false,false,false,false],[false,false,false,false,false,false,false,false,false,false]], shipList1=[Lde.htwg.battleship.model.IShip;@17cfe716, maxShipNumber=5, player2Name=PLAYER_TWO, id=926, currentState=0, gameMode=0, field2=[[false,false,false,false,false,false,false,false,false,false],[false,false,false,false,false,false,false,false,false,false],[false,false,false,false,false,false,false,false,false,false],[false,false,false,false,false,false,false,false,false,false],[false,false,false,false,false,false,false,false,false,false],[false,false,false,false,false,false,false,false,false,false],[false,false,false,false,false,false,false,false,false,false],[false,false,false,false,false,false,false,false,false,false],[false,false,false,false,false,false,false,false,false,false],[false,false,false,false,false,false,false,false,false,false]], shipList2=[Lde.htwg.battleship.model.IShip;@6423b8a7}
DEBUG 2016-06-19 20:05:13,733 Test worker org.hibernate.SQL - insert into HibernateGameSave3 (currentState, field1, field2, gameMode, heightLength, maxShipNumber, player1ID, player1Name, player2ID, player2Name, shipList1, shipList2, id) values (?, ?, ?, ?, ?, ?, ?, ?, ?, ?, ?, ?, ?)
DEBUG 2016-06-19 20:05:13,827 Test worker org.hibernate.resource.transaction.internal.SynchronizationRegistryStandardImpl - Clearing local Synchronizations
DEBUG 2016-06-19 20:05:13,827 Test worker org.hibernate.engine.jdbc.internal.JdbcCoordinatorImpl - HHH000420: Closing un-released batch
DEBUG 2016-06-19 20:05:13,869 Test worker org.hibernate.engine.transaction.internal.TransactionImpl - begin
DEBUG 2016-06-19 20:05:13,966 Test worker org.hibernate.SQL - select this_.id as id1_0_0_, this_.currentState as currentS2_0_0_, this_.field1 as field3_0_0_, this_.field2 as field4_0_0_, this_.gameMode as gameMode5_0_0_, this_.heightLength as heightLe6_0_0_, this_.maxShipNumber as maxShipN7_0_0_, this_.player1ID as player8_0_0_, this_.player1Name as player9_0_0_, this_.player2ID as player10_0_0_, this_.player2Name as player11_0_0_, this_.shipList1 as shipLis12_0_0_, this_.shipList2 as shipLis13_0_0_ from HibernateGameSave3 this_ where this_.player1ID=? and this_.player2ID=?
DEBUG 2016-06-19 20:05:14,010 Test worker org.hibernate.loader.Loader - Result set row: 0
DEBUG 2016-06-19 20:05:14,020 Test worker org.hibernate.loader.Loader - Result row: EntityKey[de.htwg.battleship.model.persistence.impl.HibernateGameSave#926]
DEBUG 2016-06-19 20:05:14,036 Test worker org.hibernate.engine.internal.TwoPhaseLoad - Resolving associations for [de.htwg.battleship.model.persistence.impl.HibernateGameSave#926]
DEBUG 2016-06-19 20:05:14,038 Test worker org.hibernate.engine.internal.TwoPhaseLoad - Done materializing entity [de.htwg.battleship.model.persistence.impl.HibernateGameSave#926]
DEBUG 2016-06-19 20:05:14,050 Test worker org.hibernate.event.internal.AbstractFlushingEventListener - Processing flush-time cascades
DEBUG 2016-06-19 20:05:14,050 Test worker org.hibernate.event.internal.AbstractFlushingEventListener - Dirty checking collections
DEBUG 2016-06-19 20:05:14,050 Test worker org.hibernate.event.internal.AbstractFlushingEventListener - Flushed: 0 insertions, 0 updates, 0 deletions to 1 objects
DEBUG 2016-06-19 20:05:14,051 Test worker org.hibernate.event.internal.AbstractFlushingEventListener - Flushed: 0 (re)creations, 0 updates, 0 removals to 0 collections
DEBUG 2016-06-19 20:05:14,051 Test worker org.hibernate.internal.util.EntityPrinter - Listing entities:
DEBUG 2016-06-19 20:05:14,051 Test worker org.hibernate.internal.util.EntityPrinter - de.htwg.battleship.model.persistence.impl.HibernateGameSave{heightLength=10, player1Name=PLAYER_ONE, player1ID=111111, player2ID=222222, field1=[[false,false,false,false,false,false,false,false,false,false],[false,false,false,false,false,false,false,false,false,false],[false,false,false,false,false,false,false,false,false,false],[false,false,false,false,false,false,false,false,false,false],[false,false,false,false,false,false,false,false,false,false],[false,false,false,false,false,false,false,false,false,false],[false,false,false,false,false,false,false,false,false,false],[false,false,false,false,false,false,false,false,false,false],[false,false,false,false,false,false,false,false,false,false],[false,false,false,false,false,false,false,false,false,false]], shipList1=[Lde.htwg.battleship.model.IShip;@24b9a63e, maxShipNumber=5, player2Name=PLAYER_TWO, id=926, currentState=0, gameMode=0, field2=[[false,false,false,false,false,false,false,false,false,false],[false,false,false,false,false,false,false,false,false,false],[false,false,false,false,false,false,false,false,false,false],[false,false,false,false,false,false,false,false,false,false],[false,false,false,false,false,false,false,false,false,false],[false,false,false,false,false,false,false,false,false,false],[false,false,false,false,false,false,false,false,false,false],[false,false,false,false,false,false,false,false,false,false],[false,false,false,false,false,false,false,false,false,false],[false,false,false,false,false,false,false,false,false,false]], shipList2=[Lde.htwg.battleship.model.IShip;@4281106d}
DEBUG 2016-06-19 20:05:14,051 Test worker org.hibernate.SQL - select this_.id as id1_0_0_, this_.currentState as currentS2_0_0_, this_.field1 as field3_0_0_, this_.field2 as field4_0_0_, this_.gameMode as gameMode5_0_0_, this_.heightLength as heightLe6_0_0_, this_.maxShipNumber as maxShipN7_0_0_, this_.player1ID as player8_0_0_, this_.player1Name as player9_0_0_, this_.player2ID as player10_0_0_, this_.player2Name as player11_0_0_, this_.shipList1 as shipLis12_0_0_, this_.shipList2 as shipLis13_0_0_ from HibernateGameSave3 this_
DEBUG 2016-06-19 20:05:14,093 Test worker org.hibernate.loader.Loader - Result set row: 0
DEBUG 2016-06-19 20:05:14,094 Test worker org.hibernate.loader.Loader - Result row: EntityKey[de.htwg.battleship.model.persistence.impl.HibernateGameSave#926]
DEBUG 2016-06-19 20:05:14,100 Test worker org.hibernate.engine.transaction.internal.TransactionImpl - committing
DEBUG 2016-06-19 20:05:14,100 Test worker org.hibernate.event.internal.AbstractFlushingEventListener - Processing flush-time cascades
DEBUG 2016-06-19 20:05:14,100 Test worker org.hibernate.event.internal.AbstractFlushingEventListener - Dirty checking collections
DEBUG 2016-06-19 20:05:14,100 Test worker org.hibernate.event.internal.AbstractFlushingEventListener - Flushed: 0 insertions, 0 updates, 1 deletions to 1 objects
DEBUG 2016-06-19 20:05:14,100 Test worker org.hibernate.event.internal.AbstractFlushingEventListener - Flushed: 0 (re)creations, 0 updates, 0 removals to 0 collections
DEBUG 2016-06-19 20:05:14,100 Test worker org.hibernate.internal.util.EntityPrinter - Listing entities:
DEBUG 2016-06-19 20:05:14,100 Test worker org.hibernate.internal.util.EntityPrinter - de.htwg.battleship.model.persistence.impl.HibernateGameSave{heightLength=10, player1Name=PLAYER_ONE, player1ID=111111, player2ID=222222, field1=[[false,false,false,false,false,false,false,false,false,false],[false,false,false,false,false,false,false,false,false,false],[false,false,false,false,false,false,false,false,false,false],[false,false,false,false,false,false,false,false,false,false],[false,false,false,false,false,false,false,false,false,false],[false,false,false,false,false,false,false,false,false,false],[false,false,false,false,false,false,false,false,false,false],[false,false,false,false,false,false,false,false,false,false],[false,false,false,false,false,false,false,false,false,false],[false,false,false,false,false,false,false,false,false,false]], shipList1=[Lde.htwg.battleship.model.IShip;@24b9a63e, maxShipNumber=5, player2Name=PLAYER_TWO, id=926, currentState=0, gameMode=0, field2=[[false,false,false,false,false,false,false,false,false,false],[false,false,false,false,false,false,false,false,false,false],[false,false,false,false,false,false,false,false,false,false],[false,false,false,false,false,false,false,false,false,false],[false,false,false,false,false,false,false,false,false,false],[false,false,false,false,false,false,false,false,false,false],[false,false,false,false,false,false,false,false,false,false],[false,false,false,false,false,false,false,false,false,false],[false,false,false,false,false,false,false,false,false,false],[false,false,false,false,false,false,false,false,false,false]], shipList2=[Lde.htwg.battleship.model.IShip;@4281106d}
DEBUG 2016-06-19 20:05:14,101 Test worker org.hibernate.SQL - delete from HibernateGameSave3 where id=?
DEBUG 2016-06-19 20:05:14,181 Test worker org.hibernate.resource.transaction.internal.SynchronizationRegistryStandardImpl - Clearing local Synchronizations
DEBUG 2016-06-19 20:05:14,181 Test worker org.hibernate.engine.jdbc.internal.JdbcCoordinatorImpl - HHH000420: Closing un-released batch
DEBUG 2016-06-19 20:05:14,229 Test worker org.hibernate.engine.transaction.internal.TransactionImpl - begin
DEBUG 2016-06-19 20:05:14,351 Test worker org.hibernate.SQL - select next_val as id_val from hibernate_sequence for update
DEBUG 2016-06-19 20:05:14,390 Test worker org.hibernate.SQL - update hibernate_sequence set next_val= ? where next_val=?
DEBUG 2016-06-19 20:05:14,512 Test worker org.hibernate.event.internal.AbstractSaveEventListener - Generated identifier: 927, using strategy: org.hibernate.id.enhanced.SequenceStyleGenerator
DEBUG 2016-06-19 20:05:14,514 Test worker org.hibernate.engine.transaction.internal.TransactionImpl - committing
DEBUG 2016-06-19 20:05:14,514 Test worker org.hibernate.event.internal.AbstractFlushingEventListener - Processing flush-time cascades
DEBUG 2016-06-19 20:05:14,514 Test worker org.hibernate.event.internal.AbstractFlushingEventListener - Dirty checking collections
DEBUG 2016-06-19 20:05:14,515 Test worker org.hibernate.event.internal.AbstractFlushingEventListener - Flushed: 1 insertions, 0 updates, 0 deletions to 1 objects
DEBUG 2016-06-19 20:05:14,515 Test worker org.hibernate.event.internal.AbstractFlushingEventListener - Flushed: 0 (re)creations, 0 updates, 0 removals to 0 collections
DEBUG 2016-06-19 20:05:14,515 Test worker org.hibernate.internal.util.EntityPrinter - Listing entities:
DEBUG 2016-06-19 20:05:14,515 Test worker org.hibernate.internal.util.EntityPrinter - de.htwg.battleship.model.persistence.impl.HibernateGameSave{heightLength=10, player1Name=PLAYER_ONE, player1ID=111111, player2ID=222222, field1=[[false,false,false,false,false,false,false,false,false,false],[false,false,false,false,false,false,false,false,false,false],[false,false,false,false,false,false,false,false,false,false],[false,false,false,false,false,false,false,false,false,false],[false,false,false,false,false,false,false,false,false,false],[false,false,false,false,false,false,false,false,false,false],[false,false,false,false,false,false,false,false,false,false],[false,false,false,false,false,false,false,false,false,false],[false,false,false,false,false,false,false,false,false,false],[false,false,false,false,false,false,false,false,false,false]], shipList1=[Lde.htwg.battleship.model.IShip;@2dafcca1, maxShipNumber=5, player2Name=PLAYER_TWO, id=927, currentState=0, gameMode=0, field2=[[false,false,false,false,false,false,false,false,false,false],[false,false,false,false,false,false,false,false,false,false],[false,false,false,false,false,false,false,false,false,false],[false,false,false,false,false,false,false,false,false,false],[false,false,false,false,false,false,false,false,false,false],[false,false,false,false,false,false,false,false,false,false],[false,false,false,false,false,false,false,false,false,false],[false,false,false,false,false,false,false,false,false,false],[false,false,false,false,false,false,false,false,false,false],[false,false,false,false,false,false,false,false,false,false]], shipList2=[Lde.htwg.battleship.model.IShip;@2ff2114d}
DEBUG 2016-06-19 20:05:14,516 Test worker org.hibernate.SQL - insert into HibernateGameSave3 (currentState, field1, field2, gameMode, heightLength, maxShipNumber, player1ID, player1Name, player2ID, player2Name, shipList1, shipList2, id) values (?, ?, ?, ?, ?, ?, ?, ?, ?, ?, ?, ?, ?)
DEBUG 2016-06-19 20:05:14,601 Test worker org.hibernate.resource.transaction.internal.SynchronizationRegistryStandardImpl - Clearing local Synchronizations
DEBUG 2016-06-19 20:05:14,601 Test worker org.hibernate.engine.jdbc.internal.JdbcCoordinatorImpl - HHH000420: Closing un-released batch
DEBUG 2016-06-19 20:05:14,641 Test worker org.hibernate.engine.transaction.internal.TransactionImpl - begin
DEBUG 2016-06-19 20:05:14,720 Test worker org.hibernate.SQL - select this_.id as id1_0_0_, this_.currentState as currentS2_0_0_, this_.field1 as field3_0_0_, this_.field2 as field4_0_0_, this_.gameMode as gameMode5_0_0_, this_.heightLength as heightLe6_0_0_, this_.maxShipNumber as maxShipN7_0_0_, this_.player1ID as player8_0_0_, this_.player1Name as player9_0_0_, this_.player2ID as player10_0_0_, this_.player2Name as player11_0_0_, this_.shipList1 as shipLis12_0_0_, this_.shipList2 as shipLis13_0_0_ from HibernateGameSave3 this_
DEBUG 2016-06-19 20:05:14,762 Test worker org.hibernate.loader.Loader - Result set row: 0
DEBUG 2016-06-19 20:05:14,763 Test worker org.hibernate.loader.Loader - Result row: EntityKey[de.htwg.battleship.model.persistence.impl.HibernateGameSave#927]
DEBUG 2016-06-19 20:05:14,764 Test worker org.hibernate.engine.internal.TwoPhaseLoad - Resolving associations for [de.htwg.battleship.model.persistence.impl.HibernateGameSave#927]
DEBUG 2016-06-19 20:05:14,765 Test worker org.hibernate.engine.internal.TwoPhaseLoad - Done materializing entity [de.htwg.battleship.model.persistence.impl.HibernateGameSave#927]
DEBUG 2016-06-19 20:05:14,771 Test worker org.hibernate.event.internal.AbstractFlushingEventListener - Processing flush-time cascades
DEBUG 2016-06-19 20:05:14,772 Test worker org.hibernate.event.internal.AbstractFlushingEventListener - Dirty checking collections
DEBUG 2016-06-19 20:05:14,773 Test worker org.hibernate.event.internal.AbstractFlushingEventListener - Flushed: 0 insertions, 0 updates, 0 deletions to 1 objects
DEBUG 2016-06-19 20:05:14,773 Test worker org.hibernate.event.internal.AbstractFlushingEventListener - Flushed: 0 (re)creations, 0 updates, 0 removals to 0 collections
DEBUG 2016-06-19 20:05:14,773 Test worker org.hibernate.internal.util.EntityPrinter - Listing entities:
DEBUG 2016-06-19 20:05:14,773 Test worker org.hibernate.internal.util.EntityPrinter - de.htwg.battleship.model.persistence.impl.HibernateGameSave{heightLength=10, player1Name=PLAYER_ONE, player1ID=111111, player2ID=222222, field1=[[false,false,false,false,false,false,false,false,false,false],[false,false,false,false,false,false,false,false,false,false],[false,false,false,false,false,false,false,false,false,false],[false,false,false,false,false,false,false,false,false,false],[false,false,false,false,false,false,false,false,false,false],[false,false,false,false,false,false,false,false,false,false],[false,false,false,false,false,false,false,false,false,false],[false,false,false,false,false,false,false,false,false,false],[false,false,false,false,false,false,false,false,false,false],[false,false,false,false,false,false,false,false,false,false]], shipList1=[Lde.htwg.battleship.model.IShip;@6e965134, maxShipNumber=5, player2Name=PLAYER_TWO, id=927, currentState=0, gameMode=0, field2=[[false,false,false,false,false,false,false,false,false,false],[false,false,false,false,false,false,false,false,false,false],[false,false,false,false,false,false,false,false,false,false],[false,false,false,false,false,false,false,false,false,false],[false,false,false,false,false,false,false,false,false,false],[false,false,false,false,false,false,false,false,false,false],[false,false,false,false,false,false,false,false,false,false],[false,false,false,false,false,false,false,false,false,false],[false,false,false,false,false,false,false,false,false,false],[false,false,false,false,false,false,false,false,false,false]], shipList2=[Lde.htwg.battleship.model.IShip;@2c5d9d93}
DEBUG 2016-06-19 20:05:14,774 Test worker org.hibernate.SQL - select this_.id as id1_0_0_, this_.currentState as currentS2_0_0_, this_.field1 as field3_0_0_, this_.field2 as field4_0_0_, this_.gameMode as gameMode5_0_0_, this_.heightLength as heightLe6_0_0_, this_.maxShipNumber as maxShipN7_0_0_, this_.player1ID as player8_0_0_, this_.player1Name as player9_0_0_, this_.player2ID as player10_0_0_, this_.player2Name as player11_0_0_, this_.shipList1 as shipLis12_0_0_, this_.shipList2 as shipLis13_0_0_ from HibernateGameSave3 this_
DEBUG 2016-06-19 20:05:14,817 Test worker org.hibernate.loader.Loader - Result set row: 0
DEBUG 2016-06-19 20:05:14,818 Test worker org.hibernate.loader.Loader - Result row: EntityKey[de.htwg.battleship.model.persistence.impl.HibernateGameSave#927]
DEBUG 2016-06-19 20:05:14,822 Test worker org.hibernate.event.internal.AbstractFlushingEventListener - Processing flush-time cascades
DEBUG 2016-06-19 20:05:14,822 Test worker org.hibernate.event.internal.AbstractFlushingEventListener - Dirty checking collections
DEBUG 2016-06-19 20:05:14,823 Test worker org.hibernate.event.internal.AbstractFlushingEventListener - Flushed: 0 insertions, 0 updates, 0 deletions to 1 objects
DEBUG 2016-06-19 20:05:14,823 Test worker org.hibernate.event.internal.AbstractFlushingEventListener - Flushed: 0 (re)creations, 0 updates, 0 removals to 0 collections
DEBUG 2016-06-19 20:05:14,823 Test worker org.hibernate.internal.util.EntityPrinter - Listing entities:
DEBUG 2016-06-19 20:05:14,824 Test worker org.hibernate.internal.util.EntityPrinter - de.htwg.battleship.model.persistence.impl.HibernateGameSave{heightLength=10, player1Name=PLAYER_ONE, player1ID=111111, player2ID=222222, field1=[[false,false,false,false,false,false,false,false,false,false],[false,false,false,false,false,false,false,false,false,false],[false,false,false,false,false,false,false,false,false,false],[false,false,false,false,false,false,false,false,false,false],[false,false,false,false,false,false,false,false,false,false],[false,false,false,false,false,false,false,false,false,false],[false,false,false,false,false,false,false,false,false,false],[false,false,false,false,false,false,false,false,false,false],[false,false,false,false,false,false,false,false,false,false],[false,false,false,false,false,false,false,false,false,false]], shipList1=[Lde.htwg.battleship.model.IShip;@6e965134, maxShipNumber=5, player2Name=PLAYER_TWO, id=927, currentState=0, gameMode=0, field2=[[false,false,false,false,false,false,false,false,false,false],[false,false,false,false,false,false,false,false,false,false],[false,false,false,false,false,false,false,false,false,false],[false,false,false,false,false,false,false,false,false,false],[false,false,false,false,false,false,false,false,false,false],[false,false,false,false,false,false,false,false,false,false],[false,false,false,false,false,false,false,false,false,false],[false,false,false,false,false,false,false,false,false,false],[false,false,false,false,false,false,false,false,false,false],[false,false,false,false,false,false,false,false,false,false]], shipList2=[Lde.htwg.battleship.model.IShip;@2c5d9d93}
DEBUG 2016-06-19 20:05:14,824 Test worker org.hibernate.SQL - select this_.id as id1_0_0_, this_.currentState as currentS2_0_0_, this_.field1 as field3_0_0_, this_.field2 as field4_0_0_, this_.gameMode as gameMode5_0_0_, this_.heightLength as heightLe6_0_0_, this_.maxShipNumber as maxShipN7_0_0_, this_.player1ID as player8_0_0_, this_.player1Name as player9_0_0_, this_.player2ID as player10_0_0_, this_.player2Name as player11_0_0_, this_.shipList1 as shipLis12_0_0_, this_.shipList2 as shipLis13_0_0_ from HibernateGameSave3 this_
DEBUG 2016-06-19 20:05:14,870 Test worker org.hibernate.loader.Loader - Result set row: 0
DEBUG 2016-06-19 20:05:14,871 Test worker org.hibernate.loader.Loader - Result row: EntityKey[de.htwg.battleship.model.persistence.impl.HibernateGameSave#927]
DEBUG 2016-06-19 20:05:14,872 Test worker org.hibernate.engine.transaction.internal.TransactionImpl - committing
DEBUG 2016-06-19 20:05:14,872 Test worker org.hibernate.event.internal.AbstractFlushingEventListener - Processing flush-time cascades
DEBUG 2016-06-19 20:05:14,872 Test worker org.hibernate.event.internal.AbstractFlushingEventListener - Dirty checking collections
DEBUG 2016-06-19 20:05:14,873 Test worker org.hibernate.event.internal.AbstractFlushingEventListener - Flushed: 0 insertions, 0 updates, 1 deletions to 1 objects
DEBUG 2016-06-19 20:05:14,873 Test worker org.hibernate.event.internal.AbstractFlushingEventListener - Flushed: 0 (re)creations, 0 updates, 0 removals to 0 collections
DEBUG 2016-06-19 20:05:14,874 Test worker org.hibernate.internal.util.EntityPrinter - Listing entities:
DEBUG 2016-06-19 20:05:14,874 Test worker org.hibernate.internal.util.EntityPrinter - de.htwg.battleship.model.persistence.impl.HibernateGameSave{heightLength=10, player1Name=PLAYER_ONE, player1ID=111111, player2ID=222222, field1=[[false,false,false,false,false,false,false,false,false,false],[false,false,false,false,false,false,false,false,false,false],[false,false,false,false,false,false,false,false,false,false],[false,false,false,false,false,false,false,false,false,false],[false,false,false,false,false,false,false,false,false,false],[false,false,false,false,false,false,false,false,false,false],[false,false,false,false,false,false,false,false,false,false],[false,false,false,false,false,false,false,false,false,false],[false,false,false,false,false,false,false,false,false,false],[false,false,false,false,false,false,false,false,false,false]], shipList1=[Lde.htwg.battleship.model.IShip;@6e965134, maxShipNumber=5, player2Name=PLAYER_TWO, id=927, currentState=0, gameMode=0, field2=[[false,false,false,false,false,false,false,false,false,false],[false,false,false,false,false,false,false,false,false,false],[false,false,false,false,false,false,false,false,false,false],[false,false,false,false,false,false,false,false,false,false],[false,false,false,false,false,false,false,false,false,false],[false,false,false,false,false,false,false,false,false,false],[false,false,false,false,false,false,false,false,false,false],[false,false,false,false,false,false,false,false,false,false],[false,false,false,false,false,false,false,false,false,false],[false,false,false,false,false,false,false,false,false,false]], shipList2=[Lde.htwg.battleship.model.IShip;@2c5d9d93}
DEBUG 2016-06-19 20:05:14,874 Test worker org.hibernate.SQL - delete from HibernateGameSave3 where id=?
DEBUG 2016-06-19 20:05:14,956 Test worker org.hibernate.resource.transaction.internal.SynchronizationRegistryStandardImpl - Clearing local Synchronizations
DEBUG 2016-06-19 20:05:14,956 Test worker org.hibernate.engine.jdbc.internal.JdbcCoordinatorImpl - HHH000420: Closing un-released batch
DEBUG 2016-06-19 20:05:14,999 Test worker org.hibernate.engine.transaction.internal.TransactionImpl - begin
DEBUG 2016-06-19 20:05:15,124 Test worker org.hibernate.SQL - select next_val as id_val from hibernate_sequence for update
DEBUG 2016-06-19 20:05:15,164 Test worker org.hibernate.SQL - update hibernate_sequence set next_val= ? where next_val=?
DEBUG 2016-06-19 20:05:15,283 Test worker org.hibernate.event.internal.AbstractSaveEventListener - Generated identifier: 928, using strategy: org.hibernate.id.enhanced.SequenceStyleGenerator
DEBUG 2016-06-19 20:05:15,283 Test worker org.hibernate.engine.transaction.internal.TransactionImpl - committing
DEBUG 2016-06-19 20:05:15,283 Test worker org.hibernate.event.internal.AbstractFlushingEventListener - Processing flush-time cascades
DEBUG 2016-06-19 20:05:15,283 Test worker org.hibernate.event.internal.AbstractFlushingEventListener - Dirty checking collections
DEBUG 2016-06-19 20:05:15,284 Test worker org.hibernate.event.internal.AbstractFlushingEventListener - Flushed: 1 insertions, 0 updates, 0 deletions to 1 objects
DEBUG 2016-06-19 20:05:15,284 Test worker org.hibernate.event.internal.AbstractFlushingEventListener - Flushed: 0 (re)creations, 0 updates, 0 removals to 0 collections
DEBUG 2016-06-19 20:05:15,284 Test worker org.hibernate.internal.util.EntityPrinter - Listing entities:
DEBUG 2016-06-19 20:05:15,284 Test worker org.hibernate.internal.util.EntityPrinter - de.htwg.battleship.model.persistence.impl.HibernateGameSave{heightLength=10, player1Name=PLAYER_ONE, player1ID=111111, player2ID=222222, field1=[[false,false,false,false,false,false,false,false,false,false],[false,false,false,false,false,false,false,false,false,false],[false,false,false,false,false,false,false,false,false,false],[false,false,false,false,false,false,false,false,false,false],[false,false,false,false,false,false,false,false,false,false],[false,false,false,false,false,false,false,false,false,false],[false,false,false,false,false,false,false,false,false,false],[false,false,false,false,false,false,false,false,false,false],[false,false,false,false,false,false,false,false,false,false],[false,false,false,false,false,false,false,false,false,false]], shipList1=[Lde.htwg.battleship.model.IShip;@ff56778, maxShipNumber=5, player2Name=PLAYER_TWO, id=928, currentState=0, gameMode=0, field2=[[false,false,false,false,false,false,false,false,false,false],[false,false,false,false,false,false,false,false,false,false],[false,false,false,false,false,false,false,false,false,false],[false,false,false,false,false,false,false,false,false,false],[false,false,false,false,false,false,false,false,false,false],[false,false,false,false,false,false,false,false,false,false],[false,false,false,false,false,false,false,false,false,false],[false,false,false,false,false,false,false,false,false,false],[false,false,false,false,false,false,false,false,false,false],[false,false,false,false,false,false,false,false,false,false]], shipList2=[Lde.htwg.battleship.model.IShip;@6a359125}
DEBUG 2016-06-19 20:05:15,285 Test worker org.hibernate.SQL - insert into HibernateGameSave3 (currentState, field1, field2, gameMode, heightLength, maxShipNumber, player1ID, player1Name, player2ID, player2Name, shipList1, shipList2, id) values (?, ?, ?, ?, ?, ?, ?, ?, ?, ?, ?, ?, ?)
DEBUG 2016-06-19 20:05:15,368 Test worker org.hibernate.resource.transaction.internal.SynchronizationRegistryStandardImpl - Clearing local Synchronizations
DEBUG 2016-06-19 20:05:15,368 Test worker org.hibernate.engine.jdbc.internal.JdbcCoordinatorImpl - HHH000420: Closing un-released batch
DEBUG 2016-06-19 20:05:15,408 Test worker org.hibernate.engine.transaction.internal.TransactionImpl - begin
DEBUG 2016-06-19 20:05:15,489 Test worker org.hibernate.SQL - select this_.id as id1_0_0_, this_.currentState as currentS2_0_0_, this_.field1 as field3_0_0_, this_.field2 as field4_0_0_, this_.gameMode as gameMode5_0_0_, this_.heightLength as heightLe6_0_0_, this_.maxShipNumber as maxShipN7_0_0_, this_.player1ID as player8_0_0_, this_.player1Name as player9_0_0_, this_.player2ID as player10_0_0_, this_.player2Name as player11_0_0_, this_.shipList1 as shipLis12_0_0_, this_.shipList2 as shipLis13_0_0_ from HibernateGameSave3 this_ where this_.player1ID=? and this_.player2ID=?
DEBUG 2016-06-19 20:05:15,534 Test worker org.hibernate.SQL - select this_.id as id1_0_0_, this_.currentState as currentS2_0_0_, this_.field1 as field3_0_0_, this_.field2 as field4_0_0_, this_.gameMode as gameMode5_0_0_, this_.heightLength as heightLe6_0_0_, this_.maxShipNumber as maxShipN7_0_0_, this_.player1ID as player8_0_0_, this_.player1Name as player9_0_0_, this_.player2ID as player10_0_0_, this_.player2Name as player11_0_0_, this_.shipList1 as shipLis12_0_0_, this_.shipList2 as shipLis13_0_0_ from HibernateGameSave3 this_ where this_.player1ID=? and this_.player2ID=?
DEBUG 2016-06-19 20:05:15,577 Test worker org.hibernate.loader.Loader - Result set row: 0
DEBUG 2016-06-19 20:05:15,578 Test worker org.hibernate.loader.Loader - Result row: EntityKey[de.htwg.battleship.model.persistence.impl.HibernateGameSave#928]
DEBUG 2016-06-19 20:05:15,580 Test worker org.hibernate.engine.internal.TwoPhaseLoad - Resolving associations for [de.htwg.battleship.model.persistence.impl.HibernateGameSave#928]
DEBUG 2016-06-19 20:05:15,581 Test worker org.hibernate.engine.internal.TwoPhaseLoad - Done materializing entity [de.htwg.battleship.model.persistence.impl.HibernateGameSave#928]
DEBUG 2016-06-19 20:05:15,586 Test worker org.hibernate.event.internal.AbstractFlushingEventListener - Processing flush-time cascades
DEBUG 2016-06-19 20:05:15,586 Test worker org.hibernate.event.internal.AbstractFlushingEventListener - Dirty checking collections
DEBUG 2016-06-19 20:05:15,587 Test worker org.hibernate.event.internal.AbstractFlushingEventListener - Flushed: 0 insertions, 0 updates, 0 deletions to 1 objects
DEBUG 2016-06-19 20:05:15,587 Test worker org.hibernate.event.internal.AbstractFlushingEventListener - Flushed: 0 (re)creations, 0 updates, 0 removals to 0 collections
DEBUG 2016-06-19 20:05:15,588 Test worker org.hibernate.internal.util.EntityPrinter - Listing entities:
DEBUG 2016-06-19 20:05:15,588 Test worker org.hibernate.internal.util.EntityPrinter - de.htwg.battleship.model.persistence.impl.HibernateGameSave{heightLength=10, player1Name=PLAYER_ONE, player1ID=111111, player2ID=222222, field1=[[false,false,false,false,false,false,false,false,false,false],[false,false,false,false,false,false,false,false,false,false],[false,false,false,false,false,false,false,false,false,false],[false,false,false,false,false,false,false,false,false,false],[false,false,false,false,false,false,false,false,false,false],[false,false,false,false,false,false,false,false,false,false],[false,false,false,false,false,false,false,false,false,false],[false,false,false,false,false,false,false,false,false,false],[false,false,false,false,false,false,false,false,false,false],[false,false,false,false,false,false,false,false,false,false]], shipList1=[Lde.htwg.battleship.model.IShip;@710cbe26, maxShipNumber=5, player2Name=PLAYER_TWO, id=928, currentState=0, gameMode=0, field2=[[false,false,false,false,false,false,false,false,false,false],[false,false,false,false,false,false,false,false,false,false],[false,false,false,false,false,false,false,false,false,false],[false,false,false,false,false,false,false,false,false,false],[false,false,false,false,false,false,false,false,false,false],[false,false,false,false,false,false,false,false,false,false],[false,false,false,false,false,false,false,false,false,false],[false,false,false,false,false,false,false,false,false,false],[false,false,false,false,false,false,false,false,false,false],[false,false,false,false,false,false,false,false,false,false]], shipList2=[Lde.htwg.battleship.model.IShip;@724f4a6c}
DEBUG 2016-06-19 20:05:15,589 Test worker org.hibernate.SQL - select this_.id as id1_0_0_, this_.currentState as currentS2_0_0_, this_.field1 as field3_0_0_, this_.field2 as field4_0_0_, this_.gameMode as gameMode5_0_0_, this_.heightLength as heightLe6_0_0_, this_.maxShipNumber as maxShipN7_0_0_, this_.player1ID as player8_0_0_, this_.player1Name as player9_0_0_, this_.player2ID as player10_0_0_, this_.player2Name as player11_0_0_, this_.shipList1 as shipLis12_0_0_, this_.shipList2 as shipLis13_0_0_ from HibernateGameSave3 this_
DEBUG 2016-06-19 20:05:15,632 Test worker org.hibernate.loader.Loader - Result set row: 0
DEBUG 2016-06-19 20:05:15,633 Test worker org.hibernate.loader.Loader - Result row: EntityKey[de.htwg.battleship.model.persistence.impl.HibernateGameSave#928]
DEBUG 2016-06-19 20:05:15,634 Test worker org.hibernate.engine.transaction.internal.TransactionImpl - committing
DEBUG 2016-06-19 20:05:15,635 Test worker org.hibernate.event.internal.AbstractFlushingEventListener - Processing flush-time cascades
DEBUG 2016-06-19 20:05:15,635 Test worker org.hibernate.event.internal.AbstractFlushingEventListener - Dirty checking collections
DEBUG 2016-06-19 20:05:15,635 Test worker org.hibernate.event.internal.AbstractFlushingEventListener - Flushed: 0 insertions, 0 updates, 1 deletions to 1 objects
DEBUG 2016-06-19 20:05:15,635 Test worker org.hibernate.event.internal.AbstractFlushingEventListener - Flushed: 0 (re)creations, 0 updates, 0 removals to 0 collections
DEBUG 2016-06-19 20:05:15,636 Test worker org.hibernate.internal.util.EntityPrinter - Listing entities:
DEBUG 2016-06-19 20:05:15,636 Test worker org.hibernate.internal.util.EntityPrinter - de.htwg.battleship.model.persistence.impl.HibernateGameSave{heightLength=10, player1Name=PLAYER_ONE, player1ID=111111, player2ID=222222, field1=[[false,false,false,false,false,false,false,false,false,false],[false,false,false,false,false,false,false,false,false,false],[false,false,false,false,false,false,false,false,false,false],[false,false,false,false,false,false,false,false,false,false],[false,false,false,false,false,false,false,false,false,false],[false,false,false,false,false,false,false,false,false,false],[false,false,false,false,false,false,false,false,false,false],[false,false,false,false,false,false,false,false,false,false],[false,false,false,false,false,false,false,false,false,false],[false,false,false,false,false,false,false,false,false,false]], shipList1=[Lde.htwg.battleship.model.IShip;@710cbe26, maxShipNumber=5, player2Name=PLAYER_TWO, id=928, currentState=0, gameMode=0, field2=[[false,false,false,false,false,false,false,false,false,false],[false,false,false,false,false,false,false,false,false,false],[false,false,false,false,false,false,false,false,false,false],[false,false,false,false,false,false,false,false,false,false],[false,false,false,false,false,false,false,false,false,false],[false,false,false,false,false,false,false,false,false,false],[false,false,false,false,false,false,false,false,false,false],[false,false,false,false,false,false,false,false,false,false],[false,false,false,false,false,false,false,false,false,false],[false,false,false,false,false,false,false,false,false,false]], shipList2=[Lde.htwg.battleship.model.IShip;@724f4a6c}
DEBUG 2016-06-19 20:05:15,636 Test worker org.hibernate.SQL - delete from HibernateGameSave3 where id=?
DEBUG 2016-06-19 20:05:15,715 Test worker org.hibernate.resource.transaction.internal.SynchronizationRegistryStandardImpl - Clearing local Synchronizations
DEBUG 2016-06-19 20:05:15,715 Test worker org.hibernate.engine.jdbc.internal.JdbcCoordinatorImpl - HHH000420: Closing un-released batch
DEBUG 2016-06-19 20:05:15,755 Test worker org.hibernate.engine.transaction.internal.TransactionImpl - begin
DEBUG 2016-06-19 20:05:15,876 Test worker org.hibernate.SQL - select next_val as id_val from hibernate_sequence for update
DEBUG 2016-06-19 20:05:15,916 Test worker org.hibernate.SQL - update hibernate_sequence set next_val= ? where next_val=?
DEBUG 2016-06-19 20:05:16,035 Test worker org.hibernate.event.internal.AbstractSaveEventListener - Generated identifier: 929, using strategy: org.hibernate.id.enhanced.SequenceStyleGenerator
DEBUG 2016-06-19 20:05:16,036 Test worker org.hibernate.engine.transaction.internal.TransactionImpl - committing
DEBUG 2016-06-19 20:05:16,036 Test worker org.hibernate.event.internal.AbstractFlushingEventListener - Processing flush-time cascades
DEBUG 2016-06-19 20:05:16,036 Test worker org.hibernate.event.internal.AbstractFlushingEventListener - Dirty checking collections
DEBUG 2016-06-19 20:05:16,036 Test worker org.hibernate.event.internal.AbstractFlushingEventListener - Flushed: 1 insertions, 0 updates, 0 deletions to 1 objects
DEBUG 2016-06-19 20:05:16,036 Test worker org.hibernate.event.internal.AbstractFlushingEventListener - Flushed: 0 (re)creations, 0 updates, 0 removals to 0 collections
DEBUG 2016-06-19 20:05:16,036 Test worker org.hibernate.internal.util.EntityPrinter - Listing entities:
DEBUG 2016-06-19 20:05:16,036 Test worker org.hibernate.internal.util.EntityPrinter - de.htwg.battleship.model.persistence.impl.HibernateGameSave{heightLength=10, player1Name=PLAYER_ONE, player1ID=111111, player2ID=222222, field1=[[false,false,false,false,false,false,false,false,false,false],[false,false,false,false,false,false,false,false,false,false],[false,false,false,false,false,false,false,false,false,false],[false,false,false,false,false,false,false,false,false,false],[false,false,false,false,false,false,false,false,false,false],[false,false,false,false,false,false,false,false,false,false],[false,false,false,false,false,false,false,false,false,false],[false,false,false,false,false,false,false,false,false,false],[false,false,false,false,false,false,false,false,false,false],[false,false,false,false,false,false,false,false,false,false]], shipList1=[Lde.htwg.battleship.model.IShip;@5352cf6e, maxShipNumber=5, player2Name=PLAYER_TWO, id=929, currentState=0, gameMode=0, field2=[[false,false,false,false,false,false,false,false,false,false],[false,false,false,false,false,false,false,false,false,false],[false,false,false,false,false,false,false,false,false,false],[false,false,false,false,false,false,false,false,false,false],[false,false,false,false,false,false,false,false,false,false],[false,false,false,false,false,false,false,false,false,false],[false,false,false,false,false,false,false,false,false,false],[false,false,false,false,false,false,false,false,false,false],[false,false,false,false,false,false,false,false,false,false],[false,false,false,false,false,false,false,false,false,false]], shipList2=[Lde.htwg.battleship.model.IShip;@19be7321}
DEBUG 2016-06-19 20:05:16,037 Test worker org.hibernate.SQL - insert into HibernateGameSave3 (currentState, field1, field2, gameMode, heightLength, maxShipNumber, player1ID, player1Name, player2ID, player2Name, shipList1, shipList2, id) values (?, ?, ?, ?, ?, ?, ?, ?, ?, ?, ?, ?, ?)
DEBUG 2016-06-19 20:05:16,121 Test worker org.hibernate.resource.transaction.internal.SynchronizationRegistryStandardImpl - Clearing local Synchronizations
DEBUG 2016-06-19 20:05:16,121 Test worker org.hibernate.engine.jdbc.internal.JdbcCoordinatorImpl - HHH000420: Closing un-released batch
DEBUG 2016-06-19 20:05:16,162 Test worker org.hibernate.engine.transaction.internal.TransactionImpl - begin
DEBUG 2016-06-19 20:05:16,239 Test worker org.hibernate.SQL - select this_.id as id1_0_0_, this_.currentState as currentS2_0_0_, this_.field1 as field3_0_0_, this_.field2 as field4_0_0_, this_.gameMode as gameMode5_0_0_, this_.heightLength as heightLe6_0_0_, this_.maxShipNumber as maxShipN7_0_0_, this_.player1ID as player8_0_0_, this_.player1Name as player9_0_0_, this_.player2ID as player10_0_0_, this_.player2Name as player11_0_0_, this_.shipList1 as shipLis12_0_0_, this_.shipList2 as shipLis13_0_0_ from HibernateGameSave3 this_ where this_.player1ID=? and this_.player2ID=?
DEBUG 2016-06-19 20:05:16,284 Test worker org.hibernate.loader.Loader - Result set row: 0
DEBUG 2016-06-19 20:05:16,285 Test worker org.hibernate.loader.Loader - Result row: EntityKey[de.htwg.battleship.model.persistence.impl.HibernateGameSave#929]
DEBUG 2016-06-19 20:05:16,287 Test worker org.hibernate.engine.internal.TwoPhaseLoad - Resolving associations for [de.htwg.battleship.model.persistence.impl.HibernateGameSave#929]
DEBUG 2016-06-19 20:05:16,288 Test worker org.hibernate.engine.internal.TwoPhaseLoad - Done materializing entity [de.htwg.battleship.model.persistence.impl.HibernateGameSave#929]
DEBUG 2016-06-19 20:05:16,289 Test worker org.hibernate.engine.transaction.internal.TransactionImpl - committing
DEBUG 2016-06-19 20:05:16,289 Test worker org.hibernate.event.internal.AbstractFlushingEventListener - Processing flush-time cascades
DEBUG 2016-06-19 20:05:16,289 Test worker org.hibernate.event.internal.AbstractFlushingEventListener - Dirty checking collections
DEBUG 2016-06-19 20:05:16,290 Test worker org.hibernate.event.internal.AbstractFlushingEventListener - Flushed: 0 insertions, 0 updates, 0 deletions to 1 objects
DEBUG 2016-06-19 20:05:16,291 Test worker org.hibernate.event.internal.AbstractFlushingEventListener - Flushed: 0 (re)creations, 0 updates, 0 removals to 0 collections
DEBUG 2016-06-19 20:05:16,291 Test worker org.hibernate.internal.util.EntityPrinter - Listing entities:
DEBUG 2016-06-19 20:05:16,291 Test worker org.hibernate.internal.util.EntityPrinter - de.htwg.battleship.model.persistence.impl.HibernateGameSave{heightLength=10, player1Name=PLAYER_ONE, player1ID=111111, player2ID=222222, field1=[[false,false,false,false,false,false,false,false,false,false],[false,false,false,false,false,false,false,false,false,false],[false,false,false,false,false,false,false,false,false,false],[false,false,false,false,false,false,false,false,false,false],[false,false,false,false,false,false,false,false,false,false],[false,false,false,false,false,false,false,false,false,false],[false,false,false,false,false,false,false,false,false,false],[false,false,false,false,false,false,false,false,false,false],[false,false,false,false,false,false,false,false,false,false],[false,false,false,false,false,false,false,false,false,false]], shipList1=[Lde.htwg.battleship.model.IShip;@60607777, maxShipNumber=5, player2Name=PLAYER_TWO, id=929, currentState=0, gameMode=0, field2=[[false,false,false,false,false,false,false,false,false,false],[false,false,false,false,false,false,false,false,false,false],[false,false,false,false,false,false,false,false,false,false],[false,false,false,false,false,false,false,false,false,false],[false,false,false,false,false,false,false,false,false,false],[false,false,false,false,false,false,false,false,false,false],[false,false,false,false,false,false,false,false,false,false],[false,false,false,false,false,false,false,false,false,false],[false,false,false,false,false,false,false,false,false,false],[false,false,false,false,false,false,false,false,false,false]], shipList2=[Lde.htwg.battleship.model.IShip;@37700bb7}
DEBUG 2016-06-19 20:05:16,332 Test worker org.hibernate.resource.transaction.internal.SynchronizationRegistryStandardImpl - Clearing local Synchronizations
DEBUG 2016-06-19 20:05:16,373 Test worker org.hibernate.engine.transaction.internal.TransactionImpl - begin
DEBUG 2016-06-19 20:05:16,451 Test worker org.hibernate.SQL - select this_.id as id1_0_0_, this_.currentState as currentS2_0_0_, this_.field1 as field3_0_0_, this_.field2 as field4_0_0_, this_.gameMode as gameMode5_0_0_, this_.heightLength as heightLe6_0_0_, this_.maxShipNumber as maxShipN7_0_0_, this_.player1ID as player8_0_0_, this_.player1Name as player9_0_0_, this_.player2ID as player10_0_0_, this_.player2Name as player11_0_0_, this_.shipList1 as shipLis12_0_0_, this_.shipList2 as shipLis13_0_0_ from HibernateGameSave3 this_ where this_.player1ID=? and this_.player2ID=?
DEBUG 2016-06-19 20:05:16,493 Test worker org.hibernate.SQL - select this_.id as id1_0_0_, this_.currentState as currentS2_0_0_, this_.field1 as field3_0_0_, this_.field2 as field4_0_0_, this_.gameMode as gameMode5_0_0_, this_.heightLength as heightLe6_0_0_, this_.maxShipNumber as maxShipN7_0_0_, this_.player1ID as player8_0_0_, this_.player1Name as player9_0_0_, this_.player2ID as player10_0_0_, this_.player2Name as player11_0_0_, this_.shipList1 as shipLis12_0_0_, this_.shipList2 as shipLis13_0_0_ from HibernateGameSave3 this_ where this_.player1ID=? and this_.player2ID=?
DEBUG 2016-06-19 20:05:16,536 Test worker org.hibernate.loader.Loader - Result set row: 0
DEBUG 2016-06-19 20:05:16,537 Test worker org.hibernate.loader.Loader - Result row: EntityKey[de.htwg.battleship.model.persistence.impl.HibernateGameSave#929]
DEBUG 2016-06-19 20:05:16,538 Test worker org.hibernate.engine.internal.TwoPhaseLoad - Resolving associations for [de.htwg.battleship.model.persistence.impl.HibernateGameSave#929]
DEBUG 2016-06-19 20:05:16,539 Test worker org.hibernate.engine.internal.TwoPhaseLoad - Done materializing entity [de.htwg.battleship.model.persistence.impl.HibernateGameSave#929]
DEBUG 2016-06-19 20:05:16,540 Test worker org.hibernate.engine.transaction.internal.TransactionImpl - committing
DEBUG 2016-06-19 20:05:16,540 Test worker org.hibernate.event.internal.AbstractFlushingEventListener - Processing flush-time cascades
DEBUG 2016-06-19 20:05:16,540 Test worker org.hibernate.event.internal.AbstractFlushingEventListener - Dirty checking collections
DEBUG 2016-06-19 20:05:16,541 Test worker org.hibernate.event.internal.AbstractFlushingEventListener - Flushed: 0 insertions, 0 updates, 0 deletions to 1 objects
DEBUG 2016-06-19 20:05:16,541 Test worker org.hibernate.event.internal.AbstractFlushingEventListener - Flushed: 0 (re)creations, 0 updates, 0 removals to 0 collections
DEBUG 2016-06-19 20:05:16,542 Test worker org.hibernate.internal.util.EntityPrinter - Listing entities:
DEBUG 2016-06-19 20:05:16,542 Test worker org.hibernate.internal.util.EntityPrinter - de.htwg.battleship.model.persistence.impl.HibernateGameSave{heightLength=10, player1Name=PLAYER_ONE, player1ID=111111, player2ID=222222, field1=[[false,false,false,false,false,false,false,false,false,false],[false,false,false,false,false,false,false,false,false,false],[false,false,false,false,false,false,false,false,false,false],[false,false,false,false,false,false,false,false,false,false],[false,false,false,false,false,false,false,false,false,false],[false,false,false,false,false,false,false,false,false,false],[false,false,false,false,false,false,false,false,false,false],[false,false,false,false,false,false,false,false,false,false],[false,false,false,false,false,false,false,false,false,false],[false,false,false,false,false,false,false,false,false,false]], shipList1=[Lde.htwg.battleship.model.IShip;@4da50c39, maxShipNumber=5, player2Name=PLAYER_TWO, id=929, currentState=0, gameMode=0, field2=[[false,false,false,false,false,false,false,false,false,false],[false,false,false,false,false,false,false,false,false,false],[false,false,false,false,false,false,false,false,false,false],[false,false,false,false,false,false,false,false,false,false],[false,false,false,false,false,false,false,false,false,false],[false,false,false,false,false,false,false,false,false,false],[false,false,false,false,false,false,false,false,false,false],[false,false,false,false,false,false,false,false,false,false],[false,false,false,false,false,false,false,false,false,false],[false,false,false,false,false,false,false,false,false,false]], shipList2=[Lde.htwg.battleship.model.IShip;@78244b45}
DEBUG 2016-06-19 20:05:16,581 Test worker org.hibernate.resource.transaction.internal.SynchronizationRegistryStandardImpl - Clearing local Synchronizations
DEBUG 2016-06-19 20:05:16,620 Test worker org.hibernate.engine.transaction.internal.TransactionImpl - begin
DEBUG 2016-06-19 20:05:16,698 Test worker org.hibernate.SQL - select this_.id as id1_0_0_, this_.currentState as currentS2_0_0_, this_.field1 as field3_0_0_, this_.field2 as field4_0_0_, this_.gameMode as gameMode5_0_0_, this_.heightLength as heightLe6_0_0_, this_.maxShipNumber as maxShipN7_0_0_, this_.player1ID as player8_0_0_, this_.player1Name as player9_0_0_, this_.player2ID as player10_0_0_, this_.player2Name as player11_0_0_, this_.shipList1 as shipLis12_0_0_, this_.shipList2 as shipLis13_0_0_ from HibernateGameSave3 this_
DEBUG 2016-06-19 20:05:16,739 Test worker org.hibernate.loader.Loader - Result set row: 0
DEBUG 2016-06-19 20:05:16,740 Test worker org.hibernate.loader.Loader - Result row: EntityKey[de.htwg.battleship.model.persistence.impl.HibernateGameSave#929]
DEBUG 2016-06-19 20:05:16,741 Test worker org.hibernate.engine.internal.TwoPhaseLoad - Resolving associations for [de.htwg.battleship.model.persistence.impl.HibernateGameSave#929]
DEBUG 2016-06-19 20:05:16,741 Test worker org.hibernate.engine.internal.TwoPhaseLoad - Done materializing entity [de.htwg.battleship.model.persistence.impl.HibernateGameSave#929]
DEBUG 2016-06-19 20:05:16,742 Test worker org.hibernate.engine.transaction.internal.TransactionImpl - committing
DEBUG 2016-06-19 20:05:16,742 Test worker org.hibernate.event.internal.AbstractFlushingEventListener - Processing flush-time cascades
DEBUG 2016-06-19 20:05:16,742 Test worker org.hibernate.event.internal.AbstractFlushingEventListener - Dirty checking collections
DEBUG 2016-06-19 20:05:16,742 Test worker org.hibernate.event.internal.AbstractFlushingEventListener - Flushed: 0 insertions, 0 updates, 1 deletions to 1 objects
DEBUG 2016-06-19 20:05:16,742 Test worker org.hibernate.event.internal.AbstractFlushingEventListener - Flushed: 0 (re)creations, 0 updates, 0 removals to 0 collections
DEBUG 2016-06-19 20:05:16,742 Test worker org.hibernate.internal.util.EntityPrinter - Listing entities:
DEBUG 2016-06-19 20:05:16,743 Test worker org.hibernate.internal.util.EntityPrinter - de.htwg.battleship.model.persistence.impl.HibernateGameSave{heightLength=10, player1Name=PLAYER_ONE, player1ID=111111, player2ID=222222, field1=[[false,false,false,false,false,false,false,false,false,false],[false,false,false,false,false,false,false,false,false,false],[false,false,false,false,false,false,false,false,false,false],[false,false,false,false,false,false,false,false,false,false],[false,false,false,false,false,false,false,false,false,false],[false,false,false,false,false,false,false,false,false,false],[false,false,false,false,false,false,false,false,false,false],[false,false,false,false,false,false,false,false,false,false],[false,false,false,false,false,false,false,false,false,false],[false,false,false,false,false,false,false,false,false,false]], shipList1=[Lde.htwg.battleship.model.IShip;@2eb2138e, maxShipNumber=5, player2Name=PLAYER_TWO, id=929, currentState=0, gameMode=0, field2=[[false,false,false,false,false,false,false,false,false,false],[false,false,false,false,false,false,false,false,false,false],[false,false,false,false,false,false,false,false,false,false],[false,false,false,false,false,false,false,false,false,false],[false,false,false,false,false,false,false,false,false,false],[false,false,false,false,false,false,false,false,false,false],[false,false,false,false,false,false,false,false,false,false],[false,false,false,false,false,false,false,false,false,false],[false,false,false,false,false,false,false,false,false,false],[false,false,false,false,false,false,false,false,false,false]], shipList2=[Lde.htwg.battleship.model.IShip;@3ef5cfb4}
DEBUG 2016-06-19 20:05:16,743 Test worker org.hibernate.SQL - delete from HibernateGameSave3 where id=?
DEBUG 2016-06-19 20:05:16,825 Test worker org.hibernate.resource.transaction.internal.SynchronizationRegistryStandardImpl - Clearing local Synchronizations
DEBUG 2016-06-19 20:05:16,825 Test worker org.hibernate.engine.jdbc.internal.JdbcCoordinatorImpl - HHH000420: Closing un-released batch
